<?xml version="1.0" encoding="UTF-8"?>
<!-- Generated by org.testng.reporters.JUnitReportReporter -->
<testsuite skipped="0" hostname="WGC100HXP4S73" name="org.example.org.example.RestFulBooker" tests="2" failures="0" timestamp="15 Nov 2021 13:03:18 GMT" time="2.524" errors="0">
  <testcase name="createBooking" time="1.261" classname="org.example.org.example.RestFulBooker"/>
  <testcase name="updateBooking" time="1.263" classname="org.example.org.example.RestFulBooker"/>
</testsuite> <!-- org.example.org.example.RestFulBooker -->
